C51 COMPILER V9.52.0.0   APP                                                               04/08/2018 19:49:00 PAGE 1   


C51 COMPILER V9.52.0.0, COMPILATION OF MODULE APP
OBJECT MODULE PLACED IN ..\Output\app.obj
COMPILER INVOKED BY: C:\Keil\UV5\C51\BIN\C51.EXE ..\User\APP\app.c BROWSE INCDIR(..\User;..\Library) DEBUG OBJECTEXTEND 
                    -PRINT(..\Temp\app.lst) TABS(2) OBJECT(..\Output\app.obj)

line level    source

   1          #include "all.h"
   2          
   3          int Task0(unsigned char idx);
   4          int Task1(unsigned char idx);
   5          int Task2(unsigned char idx);
   6          
   7          void appUserInit(void)
   8          {
   9   1        driGpioInit();
  10   1        PT_TaskInit(0, Task0);
  11   1        PT_TaskInit(1, Task1);
  12   1        PT_TaskInit(2, Task2);
  13   1      }
  14          
  15          int Task0(unsigned char idx)
  16          {
  17   1        PT_CBEGIN(idx);
  18   3        PT_DELAY(10);
  19   3        LED1 =~ LED1;
  20   3        PT_CEND(idx);
  21   1      }
  22          
  23          int Task1(unsigned char idx)
  24          {
  25   1        PT_CBEGIN(idx);
  26   3        PT_DELAY(20);
  27   3        LED2 =~ LED2;
  28   3        PT_CEND(idx);
  29   1      }
  30          
  31          int Task2(unsigned char idx)
  32          {
  33   1        PT_CBEGIN(idx);
  34   3        PT_DELAY(40);
  35   3        LED3 =~ LED3;
  36   3        PT_CEND(idx);
  37   1      }


MODULE INFORMATION:   STATIC OVERLAYABLE
   CODE SIZE        =    378    ----
   CONSTANT SIZE    =   ----    ----
   XDATA SIZE       =   ----    ----
   PDATA SIZE       =   ----    ----
   DATA SIZE        =   ----       3
   IDATA SIZE       =   ----    ----
   BIT SIZE         =   ----    ----
END OF MODULE INFORMATION.


C51 COMPILATION COMPLETE.  0 WARNING(S),  0 ERROR(S)
