C51 COMPILER V9.52.0.0   DELAY                                                             04/08/2018 14:13:09 PAGE 1   


C51 COMPILER V9.52.0.0, COMPILATION OF MODULE DELAY
OBJECT MODULE PLACED IN ..\Output\delay.obj
COMPILER INVOKED BY: C:\Keil\UV5\C51\BIN\C51.EXE ..\User\delay.c BROWSE INCDIR(..\User;..\Library) DEBUG OBJECTEXTEND PR
                    -INT(..\Temp\delay.lst) TABS(2) OBJECT(..\Output\delay.obj)

line level    source

   1          /************************************************************************************
   2          Copyright,  LCE STUDIO   
   3          程序名称：延时函数(晶振频率18.432MHz)
   4          功能说明: 延时毫秒与微秒
   5          程序版本：1.0 （2014/06）
   6          阿里旺旺：rob1983
   7          淘宝店铺：http://shop67639654.taobao.com 
   8          ************************************************************************************/
   9          
  10          #include "iap15w4k58s4.h"
  11          
  12          void Delay1us()   //@18.432MHz
  13          {
  14   1        unsigned char i;
  15   1      
  16   1        i = 2;
  17   1        while (--i);
  18   1      }
  19          
  20          void Delay1ms()   //@18.432MHz
  21          {
  22   1        unsigned char i, j;
  23   1      
  24   1        i = 18;
  25   1        j = 235;
  26   1        do
  27   1        {
  28   2          while (--j);
  29   2        } while (--i);
  30   1      }
  31          
  32          void DelayMS(int t)
  33          {
  34   1        while(t--)
  35   1        {
  36   2          Delay1ms();
  37   2        }
  38   1      }
  39          
  40          void DelayUS(int t)
  41          {
  42   1        while(t--)
  43   1        {
  44   2          Delay1us();
  45   2        }
  46   1      }
  47          
  48          
  49          


MODULE INFORMATION:   STATIC OVERLAYABLE
   CODE SIZE        =     54    ----
   CONSTANT SIZE    =   ----    ----
C51 COMPILER V9.52.0.0   DELAY                                                             04/08/2018 14:13:09 PAGE 2   

   XDATA SIZE       =   ----    ----
   PDATA SIZE       =   ----    ----
   DATA SIZE        =   ----    ----
   IDATA SIZE       =   ----    ----
   BIT SIZE         =   ----    ----
END OF MODULE INFORMATION.


C51 COMPILATION COMPLETE.  0 WARNING(S),  0 ERROR(S)
