C51 COMPILER V9.52.0.0   DRIDELAY                                                          04/08/2018 19:49:01 PAGE 1   


C51 COMPILER V9.52.0.0, COMPILATION OF MODULE DRIDELAY
OBJECT MODULE PLACED IN ..\Output\driDelay.obj
COMPILER INVOKED BY: C:\Keil\UV5\C51\BIN\C51.EXE ..\User\DRIVER\driDelay.c BROWSE INCDIR(..\User;..\Library) DEBUG OBJEC
                    -TEXTEND PRINT(..\Temp\driDelay.lst) TABS(2) OBJECT(..\Output\driDelay.obj)

line level    source

   1          #include "all.h"
   2          
   3          void Delay1us()   //@18.432MHz
   4          {
   5   1        unsigned char i;
   6   1      
   7   1        i = 2;
   8   1        while (--i);
   9   1      }
  10          
  11          void Delay1ms()   //@18.432MHz
  12          {
  13   1        unsigned char i, j;
  14   1      
  15   1        i = 18;
  16   1        j = 235;
  17   1        do
  18   1        {
  19   2          while (--j);
  20   2        } while (--i);
  21   1      }
  22          
  23          void driDelayMs(unsigned int t)
  24          {
  25   1        while(t--)
  26   1        {
  27   2          Delay1ms();
  28   2        }
  29   1      }
  30          
  31          void driDelayUs(unsigned int t)
  32          {
  33   1        while(t--)
  34   1        {
  35   2          Delay1us();
  36   2        }
  37   1      }
  38          
  39          
  40          


MODULE INFORMATION:   STATIC OVERLAYABLE
   CODE SIZE        =     54    ----
   CONSTANT SIZE    =   ----    ----
   XDATA SIZE       =   ----    ----
   PDATA SIZE       =   ----    ----
   DATA SIZE        =   ----    ----
   IDATA SIZE       =   ----    ----
   BIT SIZE         =   ----    ----
END OF MODULE INFORMATION.


C51 COMPILATION COMPLETE.  0 WARNING(S),  0 ERROR(S)
