C51 COMPILER V9.52.0.0   DRIGPIO                                                           04/08/2018 19:49:01 PAGE 1   


C51 COMPILER V9.52.0.0, COMPILATION OF MODULE DRIGPIO
OBJECT MODULE PLACED IN ..\Output\driGpio.obj
COMPILER INVOKED BY: C:\Keil\UV5\C51\BIN\C51.EXE ..\User\DRIVER\driGpio.c BROWSE INCDIR(..\User;..\Library) DEBUG OBJECT
                    -EXTEND PRINT(..\Temp\driGpio.lst) TABS(2) OBJECT(..\Output\driGpio.obj)

line level    source

   1          #include "all.h"
   2          
   3          //========================================================================
   4          // 函数: void SYS_Init(void)
   5          // 描述: 单片机端口初始化
   6          // 说明：STC15W4K32S4系列单片机，在上电后与PWM相关的IO为高阻状态，需手动设置为普通双向IO
   7          // PWM相关IO为 : P0.6/P0.7/P1.6/P1.7/P2.1/P2.2
   8          //               P2.3/P2.7/P3.7/P4.2/P4.4/P4.5             
   9          //========================================================================
  10          /*========================================================================
  11          ≥40Pin整机不要超过120mA,20Pin~32Pin整机不要超过90mA
  12          PXM1  PXM0    I/O模式
  13            0     0     准双向I/O口：弱上拉,灌电流20mA,拉电流270uA~150uA
  14            0     1     推挽输出：强上拉输出,可达20mA,要加限流电阻
  15            1     0     高阻态：
  16            1     1     开漏输出：内部上拉电阻断开.需外加上拉电阻才可读取/输出高低电平状态.
  17          例如:MOV P0M1,#10100000B
  18               MOV P0M0,#11000000B
  19          P0.7开漏输出(1 1),P0.6推挽输出(0 1),P0.5高阻态(1 0),其余皆为准双向口/弱上拉
  20          ========================================================================*/
  21          void driGpioInit(void)
  22          {
  23   1        P0M0=0x20;//W25Q16 CS
  24   1        P0M1=0x20;//P0.5开漏输出
  25   1        
  26   1        P1M0=0x3C;//SPI相关
  27   1        P1M1=0x3C;//P1.5,P1.4,P1.3,P1.2开漏输出
  28   1        
  29   1        P2M0=0x00;//其余全部设置为准双向口/弱上拉
  30   1        P2M1=0x00;
  31   1        P3M0=0x00;
  32   1        P3M1=0x00;
  33   1        P4M0=0x00;
  34   1        P4M1=0x00;
  35   1        P5M0=0x00;
  36   1        P5M1=0x00;  
  37   1      }


MODULE INFORMATION:   STATIC OVERLAYABLE
   CODE SIZE        =     30    ----
   CONSTANT SIZE    =   ----    ----
   XDATA SIZE       =   ----    ----
   PDATA SIZE       =   ----    ----
   DATA SIZE        =   ----    ----
   IDATA SIZE       =   ----    ----
   BIT SIZE         =   ----    ----
END OF MODULE INFORMATION.


C51 COMPILATION COMPLETE.  0 WARNING(S),  0 ERROR(S)
