C51 COMPILER V9.52.0.0   MAIN                                                              04/08/2018 14:13:10 PAGE 1   


C51 COMPILER V9.52.0.0, COMPILATION OF MODULE MAIN
OBJECT MODULE PLACED IN ..\Output\main.obj
COMPILER INVOKED BY: C:\Keil\UV5\C51\BIN\C51.EXE ..\User\main.c BROWSE INCDIR(..\User;..\Library) DEBUG OBJECTEXTEND PRI
                    -NT(..\Temp\main.lst) TABS(2) OBJECT(..\Output\main.obj)

line level    source

   1          #include "iap15w4k58s4.h"
   2          #include "SYS_Init.h"//SYS_Init();
   3          #include <intrins.h>//_nop_();
   4          #include "delay.h"
   5          
   6          sbit LED1 = P5^0; 
   7          sbit LED2 = P5^1;
   8          sbit LED3 = P5^2;
   9          sbit KEY1 = P2^0;
  10          sbit KEY2 = P2^1;
  11          sbit KEY3 = P2^2;
  12          sbit KEY4 = P2^3;
  13          
  14          #define LED P2
  15          
  16          void main()
  17          {
  18   1        unsigned char i=0x7F;
  19   1        SYS_Init();
  20   1        while (1)
  21   1        {
  22   2          LED = i;
  23   2          i = _cror_(i,1);
  24   2          DelayMS(100);
  25   2        }
  26   1      }


MODULE INFORMATION:   STATIC OVERLAYABLE
   CODE SIZE        =     61    ----
   CONSTANT SIZE    =   ----    ----
   XDATA SIZE       =   ----    ----
   PDATA SIZE       =   ----    ----
   DATA SIZE        =   ----       1
   IDATA SIZE       =   ----    ----
   BIT SIZE         =   ----    ----
END OF MODULE INFORMATION.


C51 COMPILATION COMPLETE.  0 WARNING(S),  0 ERROR(S)
